Using pre-set license
Built from '2020.3/staging' branch; Version is '2020.3.6f1 (338bb68529b2) revision 3378102'; Using compiler version '192528614'; Build Type 'Release'
OS: 'Windows 10 Home; OS build 19042.928; Version 2009; 64bit' Language: 'pt' Physical Memory: 16334 MB
BatchMode: 1, IsHumanControllingUs: 0, StartBugReporterOnCrash: 0, Is64bit: 1, IsPro: 0

 COMMAND LINE ARGUMENTS:
C:\Program Files\Unity\Hub\Editor\2020.3.6f1\Editor\Unity.exe
-adb2
-batchMode
-noUpm
-name
AssetImportWorker0
-projectPath
C:/Users/ruben/jogos/projeto
-logFile
Logs/AssetImportWorker0.log
-srvPort
60857
Successfully changed project path to: C:/Users/ruben/jogos/projeto
C:/Users/ruben/jogos/projeto
Using Asset Import Pipeline V2.
Refreshing native plugins compatible for Editor in 42.70 ms, found 2 plugins.
Preloading 0 native plugins for Editor in 0.00 ms.
Initialize engine version: 2020.3.6f1 (338bb68529b2)
[Subsystems] Discovering subsystems at path C:/Program Files/Unity/Hub/Editor/2020.3.6f1/Editor/Data/Resources/UnitySubsystems
[Subsystems] Discovering subsystems at path C:/Users/ruben/jogos/projeto/Assets
GfxDevice: creating device client; threaded=0
Direct3D:
    Version:  Direct3D 11.0 [level 11.1]
    Renderer: NVIDIA GeForce GTX 950 (ID=0x1402)
    Vendor:   
    VRAM:     2007 MB
    Driver:   27.21.14.6627
Initialize mono
Mono path[0] = 'C:/Program Files/Unity/Hub/Editor/2020.3.6f1/Editor/Data/Managed'
Mono path[1] = 'C:/Program Files/Unity/Hub/Editor/2020.3.6f1/Editor/Data/MonoBleedingEdge/lib/mono/unityjit'
Mono config path = 'C:/Program Files/Unity/Hub/Editor/2020.3.6f1/Editor/Data/MonoBleedingEdge/etc'
Using monoOptions --debugger-agent=transport=dt_socket,embedding=1,server=y,suspend=n,address=127.0.0.1:56968
Begin MonoManager ReloadAssembly
Registering precompiled unity dll's ...
Register platform support module: C:/Program Files/Unity/Hub/Editor/2020.3.6f1/Editor/Data/PlaybackEngines/WindowsStandaloneSupport/UnityEditor.WindowsStandalone.Extensions.dll
Registered in 0.001736 seconds.
Native extension for WindowsStandalone target not found
Refreshing native plugins compatible for Editor in 40.48 ms, found 2 plugins.
Preloading 0 native plugins for Editor in 0.00 ms.
Mono: successfully reloaded assembly
- Completed reload, in  0.866 seconds
Platform modules already initialized, skipping
Registering precompiled user dll's ...
Registered in 0.006903 seconds.
Begin MonoManager ReloadAssembly
Native extension for WindowsStandalone target not found
Refreshing native plugins compatible for Editor in 0.53 ms, found 2 plugins.
Preloading 0 native plugins for Editor in 0.00 ms.
Mono: successfully reloaded assembly
- Completed reload, in  0.761 seconds
Platform modules already initialized, skipping
========================================================================
Worker process is ready to serve import requests
Launched and connected shader compiler UnityShaderCompiler.exe after 0.03 seconds
Refreshing native plugins compatible for Editor in 0.68 ms, found 2 plugins.
Preloading 0 native plugins for Editor in 0.00 ms.
Unloading 1646 Unused Serialized files (Serialized files now loaded: 0)
System memory in use before: 153.2 MB.
System memory in use after: 153.3 MB.

Unloading 52 unused Assets to reduce memory usage. Loaded Objects now: 2106.
Total: 1.927000 ms (FindLiveObjects: 0.289300 ms CreateObjectMapping: 0.056700 ms MarkObjects: 1.493900 ms  DeleteObjects: 0.086300 ms)

========================================================================
Received Import Request.
  path: Assets/MainScene.unity
  artifactKey: Guid(27617888bf227ae45aac1af5536a19f9) Importer(815301076,1909f56bfc062723c751e8b465ee728b)
Start importing Assets/MainScene.unity using Guid(27617888bf227ae45aac1af5536a19f9) Importer(815301076,1909f56bfc062723c751e8b465ee728b)  -> (artifact id: '7a0a0a25224bd302dd52f3e31c47aee0') in 0.011119 seconds
  Import took 0.014165 seconds .

========================================================================
Received Import Request.
  Time since last request: 5.392834 seconds.
  path: Assets
  artifactKey: Guid(00000000000000001000000000000000) Importer(815301076,1909f56bfc062723c751e8b465ee728b)
Start importing Assets using Guid(00000000000000001000000000000000) Importer(815301076,1909f56bfc062723c751e8b465ee728b)  -> (artifact id: '2c602d4445bd9e0e517b9a7c882a2249') in 0.007054 seconds
  Import took 0.009683 seconds .

========================================================================
Received Import Request.
  Time since last request: 10.443342 seconds.
  path: Assets/Menu.unity
  artifactKey: Guid(cfd8aa31e2795e4469b79ea5e594a272) Importer(815301076,1909f56bfc062723c751e8b465ee728b)
Start importing Assets/Menu.unity using Guid(cfd8aa31e2795e4469b79ea5e594a272) Importer(815301076,1909f56bfc062723c751e8b465ee728b)  -> (artifact id: 'b35219c6937408aaf83704de97d011c8') in 0.002460 seconds
  Import took 0.005207 seconds .

========================================================================
Received Import Request.
  Time since last request: 0.001901 seconds.
  path: Assets/Menu.unity
  artifactKey: Guid(cfd8aa31e2795e4469b79ea5e594a272) Importer(815301076,1909f56bfc062723c751e8b465ee728b)
Start importing Assets/Menu.unity using Guid(cfd8aa31e2795e4469b79ea5e594a272) Importer(815301076,1909f56bfc062723c751e8b465ee728b)  -> (artifact id: 'b35219c6937408aaf83704de97d011c8') in 0.002400 seconds
  Import took 0.004616 seconds .

========================================================================
Received Prepare
Registering precompiled user dll's ...
Registered in 0.007095 seconds.
Begin MonoManager ReloadAssembly
Native extension for WindowsStandalone target not found
Refreshing native plugins compatible for Editor in 0.58 ms, found 2 plugins.
Preloading 0 native plugins for Editor in 0.00 ms.
Mono: successfully reloaded assembly
- Completed reload, in  0.705 seconds
Platform modules already initialized, skipping
Refreshing native plugins compatible for Editor in 0.58 ms, found 2 plugins.
Preloading 0 native plugins for Editor in 0.00 ms.
Unloading 1654 Unused Serialized files (Serialized files now loaded: 0)
System memory in use before: 153.0 MB.
System memory in use after: 152.5 MB.

Unloading 56 unused Assets to reduce memory usage. Loaded Objects now: 2143.
Total: 1.965100 ms (FindLiveObjects: 0.193300 ms CreateObjectMapping: 0.038600 ms MarkObjects: 1.448500 ms  DeleteObjects: 0.283400 ms)

========================================================================
Received Prepare
Registering precompiled user dll's ...
Registered in 0.006290 seconds.
Begin MonoManager ReloadAssembly
Native extension for WindowsStandalone target not found
Refreshing native plugins compatible for Editor in 0.63 ms, found 2 plugins.
Preloading 0 native plugins for Editor in 0.00 ms.
Mono: successfully reloaded assembly
- Completed reload, in  0.706 seconds
Platform modules already initialized, skipping
Refreshing native plugins compatible for Editor in 0.57 ms, found 2 plugins.
Preloading 0 native plugins for Editor in 0.00 ms.
Unloading 1655 Unused Serialized files (Serialized files now loaded: 0)
System memory in use before: 153.1 MB.
System memory in use after: 152.6 MB.

Unloading 56 unused Assets to reduce memory usage. Loaded Objects now: 2147.
Total: 1.956300 ms (FindLiveObjects: 0.282100 ms CreateObjectMapping: 0.044800 ms MarkObjects: 1.330800 ms  DeleteObjects: 0.297300 ms)

========================================================================
Received Import Request.
  Time since last request: 1397.955167 seconds.
  path: Assets/TextMesh Pro/Examples & Extras/Fonts
  artifactKey: Guid(b63e0053080646b9819789bf3bf9fa17) Importer(815301076,1909f56bfc062723c751e8b465ee728b)
Start importing Assets/TextMesh Pro/Examples & Extras/Fonts using Guid(b63e0053080646b9819789bf3bf9fa17) Importer(815301076,1909f56bfc062723c751e8b465ee728b)  -> (artifact id: 'a75faf3c766493e662d1bcb4ee1470fe') in 0.008567 seconds
  Import took 0.010999 seconds .

========================================================================
Received Import Request.
  Time since last request: 26.940614 seconds.
  path: Assets/Fonts/_Scene/Font.unity
  artifactKey: Guid(a9b7061b472e28d4bb0cc6bd7fe8a1ef) Importer(815301076,1909f56bfc062723c751e8b465ee728b)
Start importing Assets/Fonts/_Scene/Font.unity using Guid(a9b7061b472e28d4bb0cc6bd7fe8a1ef) Importer(815301076,1909f56bfc062723c751e8b465ee728b)  -> (artifact id: '5c171917a4bf0d6358b9517d4e108a75') in 0.011533 seconds
  Import took 0.013962 seconds .

========================================================================
Received Import Request.
  Time since last request: 2.727562 seconds.
  path: Assets/Fonts/_Scene/FontSettings.lighting
  artifactKey: Guid(1cc0edc675d46a943bde056a2687bd7d) Importer(815301076,1909f56bfc062723c751e8b465ee728b)
Start importing Assets/Fonts/_Scene/FontSettings.lighting using Guid(1cc0edc675d46a943bde056a2687bd7d) Importer(815301076,1909f56bfc062723c751e8b465ee728b) LightingSettings: switching bake backend from 1 to 0.
 -> (artifact id: '3434a677447730dc2818134eed605565') in 0.019364 seconds
  Import took 0.021742 seconds .

========================================================================
Received Import Request.
  Time since last request: 175.024714 seconds.
  path: Assets/Fonts/Script/scriptTexttest.cs
  artifactKey: Guid(cf58b38533854964da0284ae4f5be975) Importer(815301076,1909f56bfc062723c751e8b465ee728b)
Start importing Assets/Fonts/Script/scriptTexttest.cs using Guid(cf58b38533854964da0284ae4f5be975) Importer(815301076,1909f56bfc062723c751e8b465ee728b)  -> (artifact id: '5a21176c77d9949286dd8e8182a58b2d') in 0.012244 seconds
  Import took 0.014792 seconds .

========================================================================
Received Prepare
Registering precompiled user dll's ...
Registered in 0.011961 seconds.
Begin MonoManager ReloadAssembly
Native extension for WindowsStandalone target not found
Refreshing native plugins compatible for Editor in 0.58 ms, found 2 plugins.
Preloading 0 native plugins for Editor in 0.00 ms.
Mono: successfully reloaded assembly
- Completed reload, in  0.785 seconds
Platform modules already initialized, skipping
Refreshing native plugins compatible for Editor in 0.58 ms, found 2 plugins.
Preloading 0 native plugins for Editor in 0.00 ms.
Unloading 1655 Unused Serialized files (Serialized files now loaded: 0)
System memory in use before: 153.2 MB.
System memory in use after: 152.6 MB.

Unloading 56 unused Assets to reduce memory usage. Loaded Objects now: 2150.
Total: 2.309300 ms (FindLiveObjects: 0.302300 ms CreateObjectMapping: 0.063700 ms MarkObjects: 1.630400 ms  DeleteObjects: 0.311500 ms)

========================================================================
Received Prepare
Registering precompiled user dll's ...
Registered in 0.006531 seconds.
Begin MonoManager ReloadAssembly
Native extension for WindowsStandalone target not found
Refreshing native plugins compatible for Editor in 0.61 ms, found 2 plugins.
Preloading 0 native plugins for Editor in 0.00 ms.
Mono: successfully reloaded assembly
- Completed reload, in  0.810 seconds
Platform modules already initialized, skipping
Refreshing native plugins compatible for Editor in 0.78 ms, found 2 plugins.
Preloading 0 native plugins for Editor in 0.00 ms.
Unloading 1655 Unused Serialized files (Serialized files now loaded: 0)
System memory in use before: 153.2 MB.
System memory in use after: 152.6 MB.

Unloading 56 unused Assets to reduce memory usage. Loaded Objects now: 2153.
Total: 2.704200 ms (FindLiveObjects: 0.450000 ms CreateObjectMapping: 0.050900 ms MarkObjects: 1.808300 ms  DeleteObjects: 0.393200 ms)

========================================================================
Received Prepare
Registering precompiled user dll's ...
Registered in 0.006256 seconds.
Begin MonoManager ReloadAssembly
Native extension for WindowsStandalone target not found
Refreshing native plugins compatible for Editor in 0.66 ms, found 2 plugins.
Preloading 0 native plugins for Editor in 0.00 ms.
Mono: successfully reloaded assembly
- Completed reload, in  0.721 seconds
Platform modules already initialized, skipping
Refreshing native plugins compatible for Editor in 0.61 ms, found 2 plugins.
Preloading 0 native plugins for Editor in 0.00 ms.
Unloading 1655 Unused Serialized files (Serialized files now loaded: 0)
System memory in use before: 153.2 MB.
System memory in use after: 152.6 MB.

Unloading 56 unused Assets to reduce memory usage. Loaded Objects now: 2156.
Total: 1.966000 ms (FindLiveObjects: 0.209600 ms CreateObjectMapping: 0.040300 ms MarkObjects: 1.408800 ms  DeleteObjects: 0.306200 ms)

========================================================================
Received Prepare
Registering precompiled user dll's ...
Registered in 0.006352 seconds.
Begin MonoManager ReloadAssembly
Native extension for WindowsStandalone target not found
Refreshing native plugins compatible for Editor in 0.82 ms, found 2 plugins.
Preloading 0 native plugins for Editor in 0.00 ms.
Mono: successfully reloaded assembly
- Completed reload, in  0.811 seconds
Platform modules already initialized, skipping
Refreshing native plugins compatible for Editor in 0.57 ms, found 2 plugins.
Preloading 0 native plugins for Editor in 0.00 ms.
Unloading 1655 Unused Serialized files (Serialized files now loaded: 0)
System memory in use before: 153.2 MB.
System memory in use after: 152.6 MB.

Unloading 56 unused Assets to reduce memory usage. Loaded Objects now: 2159.
Total: 2.083300 ms (FindLiveObjects: 0.260400 ms CreateObjectMapping: 0.044100 ms MarkObjects: 1.463000 ms  DeleteObjects: 0.313800 ms)

========================================================================
Received Import Request.
  Time since last request: 22335.828135 seconds.
  path: Assets/Prefabs/Environment/Bathroom
  artifactKey: Guid(323165c71f87e604c9230c79d9a124aa) Importer(815301076,1909f56bfc062723c751e8b465ee728b)
Start importing Assets/Prefabs/Environment/Bathroom using Guid(323165c71f87e604c9230c79d9a124aa) Importer(815301076,1909f56bfc062723c751e8b465ee728b)  -> (artifact id: 'f1cabfd20847d90e5292bd58a700c0a1') in 0.008974 seconds
  Import took 0.011452 seconds .

========================================================================
Received Prepare
Registering precompiled user dll's ...
Registered in 0.006436 seconds.
Begin MonoManager ReloadAssembly
Native extension for WindowsStandalone target not found
Refreshing native plugins compatible for Editor in 0.61 ms, found 2 plugins.
Preloading 0 native plugins for Editor in 0.00 ms.
Mono: successfully reloaded assembly
- Completed reload, in  0.812 seconds
Platform modules already initialized, skipping
Refreshing native plugins compatible for Editor in 0.67 ms, found 2 plugins.
Preloading 0 native plugins for Editor in 0.00 ms.
Unloading 1655 Unused Serialized files (Serialized files now loaded: 0)
System memory in use before: 153.2 MB.
System memory in use after: 152.6 MB.

Unloading 56 unused Assets to reduce memory usage. Loaded Objects now: 2162.
Total: 2.011200 ms (FindLiveObjects: 0.188300 ms CreateObjectMapping: 0.038500 ms MarkObjects: 1.453100 ms  DeleteObjects: 0.330300 ms)

========================================================================
Received Prepare
Registering precompiled user dll's ...
Registered in 0.006430 seconds.
Begin MonoManager ReloadAssembly
Native extension for WindowsStandalone target not found
Refreshing native plugins compatible for Editor in 0.58 ms, found 2 plugins.
Preloading 0 native plugins for Editor in 0.00 ms.
Mono: successfully reloaded assembly
- Completed reload, in  0.712 seconds
Platform modules already initialized, skipping
Refreshing native plugins compatible for Editor in 0.58 ms, found 2 plugins.
Preloading 0 native plugins for Editor in 0.00 ms.
Unloading 1655 Unused Serialized files (Serialized files now loaded: 0)
System memory in use before: 153.2 MB.
System memory in use after: 152.7 MB.

Unloading 56 unused Assets to reduce memory usage. Loaded Objects now: 2165.
Total: 2.478800 ms (FindLiveObjects: 0.197400 ms CreateObjectMapping: 0.045500 ms MarkObjects: 1.836900 ms  DeleteObjects: 0.397800 ms)

========================================================================
Received Prepare
Registering precompiled user dll's ...
Registered in 0.006249 seconds.
Begin MonoManager ReloadAssembly
Native extension for WindowsStandalone target not found
Refreshing native plugins compatible for Editor in 0.66 ms, found 2 plugins.
Preloading 0 native plugins for Editor in 0.00 ms.
Mono: successfully reloaded assembly
- Completed reload, in  0.817 seconds
Platform modules already initialized, skipping
Refreshing native plugins compatible for Editor in 0.67 ms, found 2 plugins.
Preloading 0 native plugins for Editor in 0.00 ms.
Unloading 1655 Unused Serialized files (Serialized files now loaded: 0)
System memory in use before: 153.2 MB.
System memory in use after: 152.7 MB.

Unloading 56 unused Assets to reduce memory usage. Loaded Objects now: 2168.
Total: 2.301900 ms (FindLiveObjects: 0.216800 ms CreateObjectMapping: 0.052400 ms MarkObjects: 1.711200 ms  DeleteObjects: 0.319600 ms)

========================================================================
Received Prepare
Registering precompiled user dll's ...
Registered in 0.006191 seconds.
Begin MonoManager ReloadAssembly
Native extension for WindowsStandalone target not found
Refreshing native plugins compatible for Editor in 0.64 ms, found 2 plugins.
Preloading 0 native plugins for Editor in 0.00 ms.
Mono: successfully reloaded assembly
- Completed reload, in  0.815 seconds
Platform modules already initialized, skipping
Refreshing native plugins compatible for Editor in 0.69 ms, found 2 plugins.
Preloading 0 native plugins for Editor in 0.00 ms.
Unloading 1655 Unused Serialized files (Serialized files now loaded: 0)
System memory in use before: 153.2 MB.
System memory in use after: 152.7 MB.

Unloading 56 unused Assets to reduce memory usage. Loaded Objects now: 2171.
Total: 2.527900 ms (FindLiveObjects: 0.311600 ms CreateObjectMapping: 0.048600 ms MarkObjects: 1.774300 ms  DeleteObjects: 0.391600 ms)

========================================================================
Received Prepare
Registering precompiled user dll's ...
Registered in 0.006296 seconds.
Begin MonoManager ReloadAssembly
Native extension for WindowsStandalone target not found
Refreshing native plugins compatible for Editor in 0.60 ms, found 2 plugins.
Preloading 0 native plugins for Editor in 0.00 ms.
Mono: successfully reloaded assembly
- Completed reload, in  0.719 seconds
Platform modules already initialized, skipping
Refreshing native plugins compatible for Editor in 0.62 ms, found 2 plugins.
Preloading 0 native plugins for Editor in 0.00 ms.
Unloading 1655 Unused Serialized files (Serialized files now loaded: 0)
System memory in use before: 153.2 MB.
System memory in use after: 152.7 MB.

Unloading 56 unused Assets to reduce memory usage. Loaded Objects now: 2174.
Total: 2.215400 ms (FindLiveObjects: 0.289800 ms CreateObjectMapping: 0.155400 ms MarkObjects: 1.435300 ms  DeleteObjects: 0.333600 ms)

========================================================================
Received Prepare
Registering precompiled user dll's ...
Registered in 0.006476 seconds.
Begin MonoManager ReloadAssembly
Native extension for WindowsStandalone target not found
Refreshing native plugins compatible for Editor in 0.61 ms, found 2 plugins.
Preloading 0 native plugins for Editor in 0.00 ms.
Mono: successfully reloaded assembly
- Completed reload, in  0.720 seconds
Platform modules already initialized, skipping
Refreshing native plugins compatible for Editor in 0.73 ms, found 2 plugins.
Preloading 0 native plugins for Editor in 0.00 ms.
Unloading 1655 Unused Serialized files (Serialized files now loaded: 0)
System memory in use before: 153.2 MB.
System memory in use after: 152.7 MB.

Unloading 56 unused Assets to reduce memory usage. Loaded Objects now: 2177.
Total: 2.175700 ms (FindLiveObjects: 0.347300 ms CreateObjectMapping: 0.063800 ms MarkObjects: 1.429900 ms  DeleteObjects: 0.333800 ms)

========================================================================
Received Prepare
Registering precompiled user dll's ...
Registered in 0.006269 seconds.
Begin MonoManager ReloadAssembly
Native extension for WindowsStandalone target not found
Refreshing native plugins compatible for Editor in 0.60 ms, found 2 plugins.
Preloading 0 native plugins for Editor in 0.00 ms.
Mono: successfully reloaded assembly
- Completed reload, in  0.811 seconds
Platform modules already initialized, skipping
Refreshing native plugins compatible for Editor in 0.64 ms, found 2 plugins.
Preloading 0 native plugins for Editor in 0.00 ms.
Unloading 1655 Unused Serialized files (Serialized files now loaded: 0)
System memory in use before: 153.2 MB.
System memory in use after: 152.7 MB.

Unloading 56 unused Assets to reduce memory usage. Loaded Objects now: 2180.
Total: 2.044700 ms (FindLiveObjects: 0.230200 ms CreateObjectMapping: 0.044200 ms MarkObjects: 1.437400 ms  DeleteObjects: 0.331300 ms)

========================================================================
Received Prepare
Registering precompiled user dll's ...
Registered in 0.006239 seconds.
Begin MonoManager ReloadAssembly
Native extension for WindowsStandalone target not found
Refreshing native plugins compatible for Editor in 0.61 ms, found 2 plugins.
Preloading 0 native plugins for Editor in 0.00 ms.
Mono: successfully reloaded assembly
- Completed reload, in  0.798 seconds
Platform modules already initialized, skipping
Refreshing native plugins compatible for Editor in 0.70 ms, found 2 plugins.
Preloading 0 native plugins for Editor in 0.00 ms.
Unloading 1655 Unused Serialized files (Serialized files now loaded: 0)
System memory in use before: 153.2 MB.
System memory in use after: 152.7 MB.

Unloading 56 unused Assets to reduce memory usage. Loaded Objects now: 2183.
Total: 3.036000 ms (FindLiveObjects: 0.456500 ms CreateObjectMapping: 0.076500 ms MarkObjects: 2.145200 ms  DeleteObjects: 0.356100 ms)

========================================================================
Received Prepare
Registering precompiled user dll's ...
Registered in 0.006369 seconds.
Begin MonoManager ReloadAssembly
Native extension for WindowsStandalone target not found
Refreshing native plugins compatible for Editor in 0.59 ms, found 2 plugins.
Preloading 0 native plugins for Editor in 0.00 ms.
Mono: successfully reloaded assembly
- Completed reload, in  0.720 seconds
Platform modules already initialized, skipping
Refreshing native plugins compatible for Editor in 0.58 ms, found 2 plugins.
Preloading 0 native plugins for Editor in 0.00 ms.
Unloading 1655 Unused Serialized files (Serialized files now loaded: 0)
System memory in use before: 153.2 MB.
System memory in use after: 152.7 MB.

Unloading 56 unused Assets to reduce memory usage. Loaded Objects now: 2186.
Total: 2.103700 ms (FindLiveObjects: 0.271900 ms CreateObjectMapping: 0.102000 ms MarkObjects: 1.426100 ms  DeleteObjects: 0.302800 ms)

AssetImportWorkerClient::OnTransportError - code=2 error=End of file
